Traceback (most recent call last):
  File "/home/odoo/odoo-from-13-to-18/arquitectura/odoo19/odoo/odoo/service/server.py", line 1167, in run
    self.process_signals()
  File "/home/odoo/odoo-from-13-to-18/arquitectura/odoo19/odoo/odoo/service/server.py", line 933, in process_signals
    raise KeyboardInterrupt
KeyboardInterrupt

During handling of the above exception, another exception occurred:

Traceback (most recent call last):
  File "/home/odoo/odoo-from-13-to-18/arquitectura/odoo19/./odoo/odoo-bin", line 6, in <module>
    odoo.cli.main()
  File "/home/odoo/odoo-from-13-to-18/arquitectura/odoo19/odoo/odoo/cli/command.py", line 133, in main
    command().run(args)
  File "/home/odoo/odoo-from-13-to-18/arquitectura/odoo19/odoo/odoo/cli/server.py", line 127, in run
    main(args)
  File "/home/odoo/odoo-from-13-to-18/arquitectura/odoo19/odoo/odoo/cli/server.py", line 118, in main
    rc = server.start(preload=config['db_name'], stop=stop)
         ^^^^^^^^^^^^^^^^^^^^^^^^^^^^^^^^^^^^^^^^^^^^^^^^^^
  File "/home/odoo/odoo-from-13-to-18/arquitectura/odoo19/odoo/odoo/service/server.py", line 1596, in start
    rc = server.run(preload, stop)
         ^^^^^^^^^^^^^^^^^^^^^^^^^
  File "/home/odoo/odoo-from-13-to-18/arquitectura/odoo19/odoo/odoo/service/server.py", line 1174, in run
    self.stop()
  File "/home/odoo/odoo-from-13-to-18/arquitectura/odoo19/odoo/odoo/service/server.py", line 1133, in stop
    self.stop_workers_gracefully()
  File "/home/odoo/odoo-from-13-to-18/arquitectura/odoo19/odoo/odoo/service/server.py", line 1097, in stop_workers_gracefully
    for pid in self.workers:
               ^^^^^^^^^^^^
RuntimeError: dictionary changed size during iteration
